12/28/2014 1:48:35 AM Login Successul by password 
12/28/2014 1:48:49 AM Close LCMS
12/28/2014 1:52:28 AM Login Successul by password 
12/28/2014 1:52:36 AM Close LCMS
12/28/2014 1:52:47 AM Login Successul by password 
12/28/2014 1:52:55 AM Close LCMS
12/28/2014 2:06:56 AM Login Successul by password 
12/28/2014 2:07:06 AM Close LCMS
12/28/2014 2:56:55 AM Login Successul by password 
12/28/2014 2:56:58 AM Close LCMS
12/28/2014 2:59:09 AM Login Successul by password 
12/28/2014 2:59:32 AM Close LCMS
12/28/2014 3:56:51 AM Close LCMS
12/28/2014 3:32:50 PM Close LCMS
12/28/2014 3:43:17 PM Login Successul by password 
12/28/2014 3:43:49 PM Login Successul by password 
12/28/2014 3:44:00 PM Close LCMS
12/28/2014 3:44:49 PM Login Successul by password 
12/28/2014 3:47:52 PM Login Successul by password 
12/28/2014 3:48:31 PM Run Warm up operation
12/28/2014 3:49:01 PM End Warm up operation
12/28/2014 3:50:07 PM Login Successul by password 
