11/30/2014 11:52:18 AM Open Ficom
11/30/2014 12:07:55 PM Close Ficom
11/30/2014 12:07:55 PM Close Ficom
11/30/2014 12:15:43 PM Open Ficom
11/30/2014 12:16:23 PM Login Successul by password 
11/30/2014 12:18:03 PM Open Ficom
11/30/2014 12:18:50 PM Login Successul by password 
11/30/2014 12:25:18 PM Open Ficom
11/30/2014 12:25:38 PM Login Successul by password 
11/30/2014 12:33:22 PM Open Ficom
11/30/2014 12:34:08 PM Login Successul by password 
11/30/2014 12:36:33 PM Login Successul by password 
11/30/2014 12:36:40 PM Close Ficom
11/30/2014 12:36:40 PM Close Ficom
11/30/2014 12:36:47 PM Open Ficom
11/30/2014 12:37:08 PM Login Successul by password 
11/30/2014 12:40:17 PM Open Ficom
11/30/2014 12:41:04 PM Login Successul by password 
11/30/2014 12:41:49 PM Open Ficom
11/30/2014 12:43:18 PM Login Successul by password 
11/30/2014 5:46:18 PM Open Ficom
11/30/2014 5:46:39 PM Login Successul by password 
11/30/2014 5:47:32 PM Run background operation
11/30/2014 5:54:51 PM Open Ficom
11/30/2014 5:55:11 PM Login Successul by password 
11/30/2014 5:55:23 PM Run background operation
11/30/2014 5:57:23 PM Get background operation data
11/30/2014 5:57:47 PM End background operation data
11/30/2014 5:57:47 PM End background operation
11/30/2014 5:57:53 PM Close Ficom
11/30/2014 5:57:53 PM Close Ficom
11/30/2014 5:58:55 PM Open Ficom
11/30/2014 5:59:15 PM Login Successul by password 
11/30/2014 6:00:16 PM Open Ficom
11/30/2014 6:02:20 PM Open Ficom
11/30/2014 6:06:13 PM Close Ficom
11/30/2014 6:06:13 PM Close Ficom
11/30/2014 6:09:19 PM Open Ficom
11/30/2014 6:11:02 PM Open Ficom
11/30/2014 6:20:30 PM Open Ficom
11/30/2014 6:21:23 PM Open Ficom
11/30/2014 6:22:59 PM Open Ficom
11/30/2014 6:23:19 PM Open Ficom
